<?xml version="1.0" encoding="UTF-8"?>
<coverage generated="1764519401510" clover="3.2.0">
  <project timestamp="1764519401510" name="All files">
    <metrics statements="58" coveredstatements="38" conditionals="42" coveredconditionals="27" methods="17" coveredmethods="9" elements="117" coveredelements="74" complexity="0" loc="58" ncloc="58" packages="2" files="4" classes="4"/>
    <package name="components">
      <metrics statements="28" coveredstatements="21" conditionals="26" coveredconditionals="20" methods="13" coveredmethods="6"/>
      <file name="Layout.tsx" path="C:\Users\ronal\Desktop\PROYECTO\Endulzame-Esta-Pasteleria-FINAL-main\src\components\Layout.tsx">
        <metrics statements="15" coveredstatements="9" conditionals="8" coveredconditionals="5" methods="9" coveredmethods="3"/>
        <line num="8" count="4" type="stmt"/>
        <line num="9" count="4" type="stmt"/>
        <line num="11" count="4" type="cond" truecount="2" falsecount="0"/>
        <line num="12" count="3" type="stmt"/>
        <line num="18" count="0" type="stmt"/>
        <line num="20" count="0" type="stmt"/>
        <line num="29" count="1" type="stmt"/>
        <line num="42" count="4" type="stmt"/>
        <line num="43" count="4" type="stmt"/>
        <line num="45" count="4" type="stmt"/>
        <line num="59" count="0" type="stmt"/>
        <line num="65" count="0" type="stmt"/>
        <line num="67" count="0" type="stmt"/>
        <line num="83" count="0" type="stmt"/>
        <line num="100" count="4" type="stmt"/>
      </file>
      <file name="TarjetaProducto.tsx" path="C:\Users\ronal\Desktop\PROYECTO\Endulzame-Esta-Pasteleria-FINAL-main\src\components\TarjetaProducto.tsx">
        <metrics statements="13" coveredstatements="12" conditionals="18" coveredconditionals="15" methods="4" coveredmethods="3"/>
        <line num="12" count="6" type="cond" truecount="1" falsecount="1"/>
        <line num="13" count="6" type="stmt"/>
        <line num="15" count="6" type="cond" truecount="1" falsecount="1"/>
        <line num="17" count="6" type="cond" truecount="2" falsecount="0"/>
        <line num="20" count="6" type="cond" truecount="2" falsecount="0"/>
        <line num="22" count="6" type="cond" truecount="2" falsecount="0"/>
        <line num="23" count="6" type="stmt"/>
        <line num="24" count="6" type="stmt"/>
        <line num="26" count="6" type="stmt"/>
        <line num="27" count="6" type="cond" truecount="4" falsecount="0"/>
        <line num="31" count="6" type="stmt"/>
        <line num="36" count="1" type="stmt"/>
        <line num="42" count="0" type="stmt"/>
      </file>
    </package>
    <package name="utils">
      <metrics statements="30" coveredstatements="17" conditionals="16" coveredconditionals="7" methods="4" coveredmethods="3"/>
      <file name="format.ts" path="C:\Users\ronal\Desktop\PROYECTO\Endulzame-Esta-Pasteleria-FINAL-main\src\utils\format.ts">
        <metrics statements="3" coveredstatements="3" conditionals="2" coveredconditionals="2" methods="1" coveredmethods="1"/>
        <line num="2" count="16" type="cond" truecount="2" falsecount="0"/>
        <line num="3" count="3" type="stmt"/>
        <line num="5" count="13" type="stmt"/>
      </file>
      <file name="validation.ts" path="C:\Users\ronal\Desktop\PROYECTO\Endulzame-Esta-Pasteleria-FINAL-main\src\utils\validation.ts">
        <metrics statements="27" coveredstatements="14" conditionals="14" coveredconditionals="5" methods="3" coveredmethods="2"/>
        <line num="2" count="0" type="stmt"/>
        <line num="4" count="0" type="cond" truecount="0" falsecount="2"/>
        <line num="5" count="0" type="stmt"/>
        <line num="8" count="0" type="stmt"/>
        <line num="9" count="0" type="stmt"/>
        <line num="11" count="0" type="stmt"/>
        <line num="12" count="0" type="stmt"/>
        <line num="13" count="0" type="stmt"/>
        <line num="14" count="0" type="stmt"/>
        <line num="15" count="0" type="cond" truecount="0" falsecount="2"/>
        <line num="18" count="0" type="stmt"/>
        <line num="19" count="0" type="cond" truecount="0" falsecount="4"/>
        <line num="21" count="0" type="stmt"/>
        <line num="25" count="6" type="stmt"/>
        <line num="26" count="6" type="stmt"/>
        <line num="30" count="3" type="stmt"/>
        <line num="32" count="3" type="cond" truecount="1" falsecount="1"/>
        <line num="34" count="3" type="stmt"/>
        <line num="35" count="3" type="stmt"/>
        <line num="37" count="3" type="stmt"/>
        <line num="38" count="3" type="stmt"/>
        <line num="39" count="3" type="stmt"/>
        <line num="40" count="23" type="stmt"/>
        <line num="41" count="23" type="cond" truecount="4" falsecount="0"/>
        <line num="42" count="6" type="stmt"/>
        <line num="44" count="23" type="stmt"/>
        <line num="47" count="3" type="stmt"/>
      </file>
    </package>
  </project>
</coverage>
