{"C:\\Users\\ronal\\Desktop\\PROYECTO\\Endulzame-Esta-Pasteleria-FINAL-main\\src\\components\\Layout.tsx": {"path":"C:\\Users\\ronal\\Desktop\\PROYECTO\\Endulzame-Esta-Pasteleria-FINAL-main\\src\\components\\Layout.tsx","statementMap":{"0":{"start":{"line":8,"column":32},"end":{"line":8,"column":null}},"1":{"start":{"line":9,"column":8},"end":{"line":9,"column":null}},"2":{"start":{"line":11,"column":2},"end":{"line":27,"column":null}},"3":{"start":{"line":12,"column":4},"end":{"line":25,"column":null}},"4":{"start":{"line":18,"column":40},"end":{"line":18,"column":61}},"5":{"start":{"line":20,"column":42},"end":{"line":20,"column":62}},"6":{"start":{"line":29,"column":2},"end":{"line":37,"column":null}},"7":{"start":{"line":42,"column":82},"end":{"line":42,"column":null}},"8":{"start":{"line":43,"column":8},"end":{"line":43,"column":null}},"9":{"start":{"line":45,"column":2},"end":{"line":94,"column":null}},"10":{"start":{"line":59,"column":14},"end":{"line":69,"column":null}},"11":{"start":{"line":65,"column":86},"end":{"line":65,"column":116}},"12":{"start":{"line":67,"column":86},"end":{"line":67,"column":115}},"13":{"start":{"line":83,"column":27},"end":{"line":83,"column":null}},"14":{"start":{"line":100,"column":2},"end":{"line":132,"column":null}}},"fnMap":{"0":{"name":"MenuAutenticacion","decl":{"start":{"line":7,"column":9},"end":{"line":7,"column":29}},"loc":{"start":{"line":7,"column":29},"end":{"line":39,"column":null}},"line":7},"1":{"name":"(anonymous_1)","decl":{"start":{"line":18,"column":34},"end":{"line":18,"column":40}},"loc":{"start":{"line":18,"column":40},"end":{"line":18,"column":61}},"line":18},"2":{"name":"(anonymous_2)","decl":{"start":{"line":20,"column":36},"end":{"line":20,"column":42}},"loc":{"start":{"line":20,"column":42},"end":{"line":20,"column":62}},"line":20},"3":{"name":"MenuCarrito","decl":{"start":{"line":41,"column":9},"end":{"line":41,"column":23}},"loc":{"start":{"line":41,"column":23},"end":{"line":96,"column":null}},"line":41},"4":{"name":"(anonymous_4)","decl":{"start":{"line":58,"column":24},"end":{"line":58,"column":null}},"loc":{"start":{"line":59,"column":14},"end":{"line":69,"column":null}},"line":59},"5":{"name":"(anonymous_5)","decl":{"start":{"line":65,"column":80},"end":{"line":65,"column":86}},"loc":{"start":{"line":65,"column":86},"end":{"line":65,"column":116}},"line":65},"6":{"name":"(anonymous_6)","decl":{"start":{"line":67,"column":80},"end":{"line":67,"column":86}},"loc":{"start":{"line":67,"column":86},"end":{"line":67,"column":115}},"line":67},"7":{"name":"(anonymous_7)","decl":{"start":{"line":83,"column":21},"end":{"line":83,"column":27}},"loc":{"start":{"line":83,"column":27},"end":{"line":83,"column":null}},"line":83},"8":{"name":"Layout","decl":{"start":{"line":99,"column":24},"end":{"line":99,"column":33}},"loc":{"start":{"line":99,"column":33},"end":{"line":134,"column":null}},"line":99}},"branchMap":{"0":{"loc":{"start":{"line":11,"column":2},"end":{"line":27,"column":null}},"type":"if","locations":[{"start":{"line":11,"column":2},"end":{"line":27,"column":null}},{"start":{},"end":{}}],"line":11},"1":{"loc":{"start":{"line":19,"column":11},"end":{"line":20,"column":null}},"type":"binary-expr","locations":[{"start":{"line":19,"column":11},"end":{"line":19,"column":null}},{"start":{"line":20,"column":12},"end":{"line":20,"column":null}}],"line":19},"2":{"loc":{"start":{"line":55,"column":11},"end":{"line":70,"column":null}},"type":"cond-expr","locations":[{"start":{"line":56,"column":12},"end":{"line":56,"column":null}},{"start":{"line":58,"column":12},"end":{"line":70,"column":null}}],"line":55},"3":{"loc":{"start":{"line":62,"column":88},"end":{"line":62,"column":117}},"type":"cond-expr","locations":[{"start":{"line":62,"column":108},"end":{"line":62,"column":114}},{"start":{"line":62,"column":114},"end":{"line":62,"column":117}}],"line":62}},"s":{"0":4,"1":4,"2":4,"3":3,"4":0,"5":0,"6":1,"7":4,"8":4,"9":4,"10":0,"11":0,"12":0,"13":0,"14":4},"f":{"0":4,"1":0,"2":0,"3":4,"4":0,"5":0,"6":0,"7":0,"8":4},"b":{"0":[3,1],"1":[3,1],"2":[4,0],"3":[0,0]},"meta":{"lastBranch":4,"lastFunction":9,"lastStatement":15,"seen":{"f:7:9:7:29":0,"s:8:32:8:Infinity":0,"s:9:8:9:Infinity":1,"b:11:2:27:Infinity:undefined:undefined:undefined:undefined":0,"s:11:2:27:Infinity":2,"s:12:4:25:Infinity":3,"f:18:34:18:40":1,"s:18:40:18:61":4,"b:19:11:19:Infinity:20:12:20:Infinity":1,"f:20:36:20:42":2,"s:20:42:20:62":5,"s:29:2:37:Infinity":6,"f:41:9:41:23":3,"s:42:82:42:Infinity":7,"s:43:8:43:Infinity":8,"s:45:2:94:Infinity":9,"b:56:12:56:Infinity:58:12:70:Infinity":2,"f:58:24:58:Infinity":4,"s:59:14:69:Infinity":10,"b:62:108:62:114:62:114:62:117":3,"f:65:80:65:86":5,"s:65:86:65:116":11,"f:67:80:67:86":6,"s:67:86:67:115":12,"f:83:21:83:27":7,"s:83:27:83:Infinity":13,"f:99:24:99:33":8,"s:100:2:132:Infinity":14}}}
,"C:\\Users\\ronal\\Desktop\\PROYECTO\\Endulzame-Esta-Pasteleria-FINAL-main\\src\\components\\TarjetaProducto.tsx": {"path":"C:\\Users\\ronal\\Desktop\\PROYECTO\\Endulzame-Esta-Pasteleria-FINAL-main\\src\\components\\TarjetaProducto.tsx","statementMap":{"0":{"start":{"line":12,"column":31},"end":{"line":14,"column":null}},"1":{"start":{"line":13,"column":43},"end":{"line":13,"column":65}},"2":{"start":{"line":15,"column":22},"end":{"line":15,"column":null}},"3":{"start":{"line":17,"column":30},"end":{"line":19,"column":null}},"4":{"start":{"line":20,"column":28},"end":{"line":20,"column":null}},"5":{"start":{"line":22,"column":22},"end":{"line":22,"column":null}},"6":{"start":{"line":23,"column":8},"end":{"line":23,"column":null}},"7":{"start":{"line":24,"column":8},"end":{"line":24,"column":null}},"8":{"start":{"line":26,"column":32},"end":{"line":26,"column":null}},"9":{"start":{"line":27,"column":22},"end":{"line":29,"column":null}},"10":{"start":{"line":31,"column":2},"end":{"line":71,"column":null}},"11":{"start":{"line":36,"column":23},"end":{"line":36,"column":null}},"12":{"start":{"line":42,"column":27},"end":{"line":42,"column":null}}},"fnMap":{"0":{"name":"TarjetaProducto","decl":{"start":{"line":10,"column":24},"end":{"line":10,"column":40}},"loc":{"start":{"line":10,"column":93},"end":{"line":73,"column":null}},"line":10},"1":{"name":"(anonymous_1)","decl":{"start":{"line":13,"column":31},"end":{"line":13,"column":32}},"loc":{"start":{"line":13,"column":43},"end":{"line":13,"column":65}},"line":13},"2":{"name":"(anonymous_2)","decl":{"start":{"line":36,"column":17},"end":{"line":36,"column":23}},"loc":{"start":{"line":36,"column":23},"end":{"line":36,"column":null}},"line":36},"3":{"name":"(anonymous_3)","decl":{"start":{"line":42,"column":19},"end":{"line":42,"column":20}},"loc":{"start":{"line":42,"column":27},"end":{"line":42,"column":null}},"line":42}},"branchMap":{"0":{"loc":{"start":{"line":12,"column":31},"end":{"line":14,"column":null}},"type":"cond-expr","locations":[{"start":{"line":13,"column":7},"end":{"line":13,"column":null}},{"start":{"line":14,"column":6},"end":{"line":14,"column":null}}],"line":12},"1":{"loc":{"start":{"line":15,"column":22},"end":{"line":15,"column":null}},"type":"cond-expr","locations":[{"start":{"line":15,"column":52},"end":{"line":15,"column":85}},{"start":{"line":15,"column":85},"end":{"line":15,"column":null}}],"line":15},"2":{"loc":{"start":{"line":17,"column":30},"end":{"line":19,"column":null}},"type":"cond-expr","locations":[{"start":{"line":18,"column":6},"end":{"line":18,"column":null}},{"start":{"line":19,"column":6},"end":{"line":19,"column":null}}],"line":17},"3":{"loc":{"start":{"line":20,"column":28},"end":{"line":20,"column":null}},"type":"cond-expr","locations":[{"start":{"line":20,"column":54},"end":{"line":20,"column":126}},{"start":{"line":20,"column":126},"end":{"line":20,"column":null}}],"line":20},"4":{"loc":{"start":{"line":22,"column":22},"end":{"line":22,"column":null}},"type":"binary-expr","locations":[{"start":{"line":22,"column":22},"end":{"line":22,"column":53}},{"start":{"line":22,"column":53},"end":{"line":22,"column":null}}],"line":22},"5":{"loc":{"start":{"line":27,"column":22},"end":{"line":29,"column":null}},"type":"cond-expr","locations":[{"start":{"line":28,"column":6},"end":{"line":28,"column":null}},{"start":{"line":29,"column":6},"end":{"line":29,"column":null}}],"line":27},"6":{"loc":{"start":{"line":27,"column":22},"end":{"line":27,"column":null}},"type":"binary-expr","locations":[{"start":{"line":27,"column":22},"end":{"line":27,"column":46}},{"start":{"line":27,"column":46},"end":{"line":27,"column":null}}],"line":27},"7":{"loc":{"start":{"line":39,"column":15},"end":{"line":39,"column":null}},"type":"cond-expr","locations":[{"start":{"line":39,"column":52},"end":{"line":39,"column":76}},{"start":{"line":39,"column":76},"end":{"line":39,"column":null}}],"line":39},"8":{"loc":{"start":{"line":58,"column":13},"end":{"line":65,"column":null}},"type":"cond-expr","locations":[{"start":{"line":59,"column":14},"end":{"line":63,"column":null}},{"start":{"line":65,"column":14},"end":{"line":65,"column":null}}],"line":58}},"s":{"0":6,"1":6,"2":6,"3":6,"4":6,"5":6,"6":6,"7":6,"8":6,"9":6,"10":6,"11":1,"12":0},"f":{"0":6,"1":6,"2":1,"3":0},"b":{"0":[6,0],"1":[6,0],"2":[1,5],"3":[1,5],"4":[6,5],"5":[4,2],"6":[6,4],"7":[6,0],"8":[1,5]},"meta":{"lastBranch":9,"lastFunction":4,"lastStatement":13,"seen":{"f:10:24:10:40":0,"s:12:31:14:Infinity":0,"b:13:7:13:Infinity:14:6:14:Infinity":0,"f:13:31:13:32":1,"s:13:43:13:65":1,"s:15:22:15:Infinity":2,"b:15:52:15:85:15:85:15:Infinity":1,"s:17:30:19:Infinity":3,"b:18:6:18:Infinity:19:6:19:Infinity":2,"s:20:28:20:Infinity":4,"b:20:54:20:126:20:126:20:Infinity":3,"s:22:22:22:Infinity":5,"b:22:22:22:53:22:53:22:Infinity":4,"s:23:8:23:Infinity":6,"s:24:8:24:Infinity":7,"s:26:32:26:Infinity":8,"s:27:22:29:Infinity":9,"b:28:6:28:Infinity:29:6:29:Infinity":5,"b:27:22:27:46:27:46:27:Infinity":6,"s:31:2:71:Infinity":10,"f:36:17:36:23":2,"s:36:23:36:Infinity":11,"b:39:52:39:76:39:76:39:Infinity":7,"f:42:19:42:20":3,"s:42:27:42:Infinity":12,"b:59:14:63:Infinity:65:14:65:Infinity":8}}}
,"C:\\Users\\ronal\\Desktop\\PROYECTO\\Endulzame-Esta-Pasteleria-FINAL-main\\src\\utils\\format.ts": {"path":"C:\\Users\\ronal\\Desktop\\PROYECTO\\Endulzame-Esta-Pasteleria-FINAL-main\\src\\utils\\format.ts","statementMap":{"0":{"start":{"line":2,"column":2},"end":{"line":4,"column":null}},"1":{"start":{"line":3,"column":4},"end":{"line":3,"column":null}},"2":{"start":{"line":5,"column":2},"end":{"line":9,"column":null}}},"fnMap":{"0":{"name":"formatearPrecio","decl":{"start":{"line":1,"column":16},"end":{"line":1,"column":32}},"loc":{"start":{"line":1,"column":51},"end":{"line":10,"column":null}},"line":1}},"branchMap":{"0":{"loc":{"start":{"line":2,"column":2},"end":{"line":4,"column":null}},"type":"if","locations":[{"start":{"line":2,"column":2},"end":{"line":4,"column":null}},{"start":{},"end":{}}],"line":2}},"s":{"0":16,"1":3,"2":13},"f":{"0":16},"b":{"0":[3,13]},"meta":{"lastBranch":1,"lastFunction":1,"lastStatement":3,"seen":{"f:1:16:1:32":0,"b:2:2:4:Infinity:undefined:undefined:undefined:undefined":0,"s:2:2:4:Infinity":0,"s:3:4:3:Infinity":1,"s:5:2:9:Infinity":2}}}
,"C:\\Users\\ronal\\Desktop\\PROYECTO\\Endulzame-Esta-Pasteleria-FINAL-main\\src\\utils\\validation.ts": {"path":"C:\\Users\\ronal\\Desktop\\PROYECTO\\Endulzame-Esta-Pasteleria-FINAL-main\\src\\utils\\validation.ts","statementMap":{"0":{"start":{"line":2,"column":22},"end":{"line":2,"column":null}},"1":{"start":{"line":4,"column":2},"end":{"line":6,"column":null}},"2":{"start":{"line":5,"column":4},"end":{"line":5,"column":null}},"3":{"start":{"line":8,"column":17},"end":{"line":8,"column":null}},"4":{"start":{"line":9,"column":13},"end":{"line":9,"column":null}},"5":{"start":{"line":11,"column":13},"end":{"line":11,"column":null}},"6":{"start":{"line":12,"column":15},"end":{"line":12,"column":null}},"7":{"start":{"line":13,"column":2},"end":{"line":16,"column":null}},"8":{"start":{"line":13,"column":15},"end":{"line":13,"column":34}},"9":{"start":{"line":14,"column":4},"end":{"line":14,"column":null}},"10":{"start":{"line":15,"column":4},"end":{"line":15,"column":null}},"11":{"start":{"line":18,"column":22},"end":{"line":18,"column":null}},"12":{"start":{"line":19,"column":26},"end":{"line":19,"column":null}},"13":{"start":{"line":21,"column":2},"end":{"line":21,"column":null}},"14":{"start":{"line":25,"column":27},"end":{"line":25,"column":null}},"15":{"start":{"line":26,"column":2},"end":{"line":26,"column":null}},"16":{"start":{"line":30,"column":22},"end":{"line":30,"column":null}},"17":{"start":{"line":32,"column":2},"end":{"line":32,"column":null}},"18":{"start":{"line":32,"column":30},"end":{"line":32,"column":null}},"19":{"start":{"line":34,"column":17},"end":{"line":34,"column":null}},"20":{"start":{"line":35,"column":13},"end":{"line":35,"column":null}},"21":{"start":{"line":37,"column":25},"end":{"line":37,"column":null}},"22":{"start":{"line":38,"column":10},"end":{"line":38,"column":null}},"23":{"start":{"line":39,"column":2},"end":{"line":45,"column":null}},"24":{"start":{"line":39,"column":15},"end":{"line":39,"column":34}},"25":{"start":{"line":40,"column":4},"end":{"line":40,"column":null}},"26":{"start":{"line":41,"column":4},"end":{"line":43,"column":null}},"27":{"start":{"line":42,"column":6},"end":{"line":42,"column":null}},"28":{"start":{"line":44,"column":4},"end":{"line":44,"column":null}},"29":{"start":{"line":47,"column":2},"end":{"line":47,"column":null}}},"fnMap":{"0":{"name":"validarRut","decl":{"start":{"line":1,"column":16},"end":{"line":1,"column":27}},"loc":{"start":{"line":1,"column":49},"end":{"line":22,"column":null}},"line":1},"1":{"name":"validarCorreo","decl":{"start":{"line":24,"column":16},"end":{"line":24,"column":30}},"loc":{"start":{"line":24,"column":55},"end":{"line":27,"column":null}},"line":24},"2":{"name":"autoFormatRut","decl":{"start":{"line":29,"column":16},"end":{"line":29,"column":30}},"loc":{"start":{"line":29,"column":51},"end":{"line":48,"column":null}},"line":29}},"branchMap":{"0":{"loc":{"start":{"line":4,"column":2},"end":{"line":6,"column":null}},"type":"if","locations":[{"start":{"line":4,"column":2},"end":{"line":6,"column":null}},{"start":{},"end":{}}],"line":4},"1":{"loc":{"start":{"line":15,"column":14},"end":{"line":15,"column":null}},"type":"cond-expr","locations":[{"start":{"line":15,"column":30},"end":{"line":15,"column":34}},{"start":{"line":15,"column":34},"end":{"line":15,"column":null}}],"line":15},"2":{"loc":{"start":{"line":19,"column":26},"end":{"line":19,"column":null}},"type":"cond-expr","locations":[{"start":{"line":19,"column":48},"end":{"line":19,"column":56}},{"start":{"line":19,"column":56},"end":{"line":19,"column":null}}],"line":19},"3":{"loc":{"start":{"line":19,"column":56},"end":{"line":19,"column":null}},"type":"cond-expr","locations":[{"start":{"line":19,"column":78},"end":{"line":19,"column":84}},{"start":{"line":19,"column":84},"end":{"line":19,"column":null}}],"line":19},"4":{"loc":{"start":{"line":32,"column":2},"end":{"line":32,"column":null}},"type":"if","locations":[{"start":{"line":32,"column":2},"end":{"line":32,"column":null}},{"start":{},"end":{}}],"line":32},"5":{"loc":{"start":{"line":41,"column":4},"end":{"line":43,"column":null}},"type":"if","locations":[{"start":{"line":41,"column":4},"end":{"line":43,"column":null}},{"start":{},"end":{}}],"line":41},"6":{"loc":{"start":{"line":41,"column":8},"end":{"line":41,"column":42}},"type":"binary-expr","locations":[{"start":{"line":41,"column":8},"end":{"line":41,"column":23}},{"start":{"line":41,"column":23},"end":{"line":41,"column":42}}],"line":41}},"s":{"0":0,"1":0,"2":0,"3":0,"4":0,"5":0,"6":0,"7":0,"8":0,"9":0,"10":0,"11":0,"12":0,"13":0,"14":6,"15":6,"16":3,"17":3,"18":0,"19":3,"20":3,"21":3,"22":3,"23":3,"24":3,"25":23,"26":23,"27":6,"28":23,"29":3},"f":{"0":0,"1":6,"2":3},"b":{"0":[0,0],"1":[0,0],"2":[0,0],"3":[0,0],"4":[0,3],"5":[6,17],"6":[23,6]},"meta":{"lastBranch":7,"lastFunction":3,"lastStatement":30,"seen":{"f:1:16:1:27":0,"s:2:22:2:Infinity":0,"b:4:2:6:Infinity:undefined:undefined:undefined:undefined":0,"s:4:2:6:Infinity":1,"s:5:4:5:Infinity":2,"s:8:17:8:Infinity":3,"s:9:13:9:Infinity":4,"s:11:13:11:Infinity":5,"s:12:15:12:Infinity":6,"s:13:2:16:Infinity":7,"s:13:15:13:34":8,"s:14:4:14:Infinity":9,"s:15:4:15:Infinity":10,"b:15:30:15:34:15:34:15:Infinity":1,"s:18:22:18:Infinity":11,"s:19:26:19:Infinity":12,"b:19:48:19:56:19:56:19:Infinity":2,"b:19:78:19:84:19:84:19:Infinity":3,"s:21:2:21:Infinity":13,"f:24:16:24:30":1,"s:25:27:25:Infinity":14,"s:26:2:26:Infinity":15,"f:29:16:29:30":2,"s:30:22:30:Infinity":16,"b:32:2:32:Infinity:undefined:undefined:undefined:undefined":4,"s:32:2:32:Infinity":17,"s:32:30:32:Infinity":18,"s:34:17:34:Infinity":19,"s:35:13:35:Infinity":20,"s:37:25:37:Infinity":21,"s:38:10:38:Infinity":22,"s:39:2:45:Infinity":23,"s:39:15:39:34":24,"s:40:4:40:Infinity":25,"b:41:4:43:Infinity:undefined:undefined:undefined:undefined":5,"s:41:4:43:Infinity":26,"b:41:8:41:23:41:23:41:42":6,"s:42:6:42:Infinity":27,"s:44:4:44:Infinity":28,"s:47:2:47:Infinity":29}}}
}
